<?xml version="1.0" encoding="UTF-8"?>
<TestRun id="96d7fe69-b8df-4a0a-baa6-1bb25f66855b" name="jtreworgy@DRLAP11001 2011-08-18 18:30:39" runUser="DRINTL\jtreworgy" xmlns="http://microsoft.com/schemas/VisualStudio/TeamTest/2010">
  <TestSettings name="Local" id="535d67f2-abde-47ed-8632-e8236b4a7c05">
    <Description>These are default test settings for a local test run.</Description>
    <Deployment enabled="false" runDeploymentRoot="jtreworgy_DRLAP11001 2011-08-18 18_30_39">
      <DeploymentItem filename="D:\VSProjects\SharpLinter\source\SharpLinter\bin\Release\JTC.SharpLinter.dll" />
    </Deployment>
    <Execution>
      <TestTypeSpecific />
      <AgentRule name="Execution Agents">
      </AgentRule>
    </Execution>
  </TestSettings>
  <Times creation="2011-08-18T18:30:39.2340184-04:00" queuing="2011-08-18T18:30:39.9890849-04:00" start="2011-08-18T18:30:40.0390854-04:00" finish="2011-08-18T18:31:13.9619550-04:00" />
  <ResultSummary outcome="Error">
    <Counters total="7" executed="7" passed="6" error="0" failed="0" timeout="0" aborted="1" inconclusive="0" passedButRunAborted="0" notRunnable="0" notExecuted="0" disconnected="0" warning="0" completed="0" inProgress="0" pending="0" />
    <RunInfos>
      <RunInfo computerName="DRLAP11001" outcome="Error" timestamp="2011-08-18T18:31:13.9619550-04:00">
        <Text>Test host process exited unexpectedly.</Text>
      </RunInfo>
    </RunInfos>
  </ResultSummary>
  <TestDefinitions>
    <UnitTest name="TestArgumentParsing2" storage="d:\vsprojects\sharplinter\source\sharplinter.test\bin\release\jtc.sharplinter.test.dll" id="2f8c5f57-2a99-e899-cc72-76f3da566696">
      <Execution id="d62cc10d-ebdc-4df0-b2d7-a0b33bf9390b" />
      <TestMethod codeBase="D:/VSProjects/SharpLinter/source/SharpLinter.Test/bin/Release/JTC.SharpLinter.Test.DLL" adapterTypeName="Microsoft.VisualStudio.TestTools.TestTypes.Unit.UnitTestAdapter, Microsoft.VisualStudio.QualityTools.Tips.UnitTest.Adapter, Version=10.0.0.0, Culture=neutral, PublicKeyToken=b03f5f7f11d50a3a" className="JTC.SharpLinter.Test.LinterUnitTests, JTC.SharpLinter.Test, Version=1.0.0.0, Culture=neutral, PublicKeyToken=null" name="TestArgumentParsing2" />
    </UnitTest>
    <UnitTest name="ConfigFile" storage="d:\vsprojects\sharplinter\source\sharplinter.test\bin\release\jtc.sharplinter.test.dll" id="311b004a-0c35-0a1a-a65a-be5fcea666e1">
      <Execution id="4e6b7920-d32d-418c-bfc2-8b8bf86ac170" />
      <TestMethod codeBase="D:/VSProjects/SharpLinter/source/SharpLinter.Test/bin/Release/JTC.SharpLinter.Test.DLL" adapterTypeName="Microsoft.VisualStudio.TestTools.TestTypes.Unit.UnitTestAdapter, Microsoft.VisualStudio.QualityTools.Tips.UnitTest.Adapter, Version=10.0.0.0, Culture=neutral, PublicKeyToken=b03f5f7f11d50a3a" className="JTC.SharpLinter.Test.ConfigurationTests, JTC.SharpLinter.Test, Version=1.0.0.0, Culture=neutral, PublicKeyToken=null" name="ConfigFile" />
    </UnitTest>
    <UnitTest name="TestMultipleDifferentOptions" storage="d:\vsprojects\sharplinter\source\sharplinter.test\bin\release\jtc.sharplinter.test.dll" id="bf973ccf-c97a-ddff-03cd-cc92ccc7f41c">
      <Execution id="289399dc-42c9-478f-99cf-8aba60cde624" />
      <TestMethod codeBase="D:/VSProjects/SharpLinter/source/SharpLinter.Test/bin/Release/JTC.SharpLinter.Test.DLL" adapterTypeName="Microsoft.VisualStudio.TestTools.TestTypes.Unit.UnitTestAdapter, Microsoft.VisualStudio.QualityTools.Tips.UnitTest.Adapter, Version=10.0.0.0, Culture=neutral, PublicKeyToken=b03f5f7f11d50a3a" className="JTC.SharpLinter.Test.LinterUnitTests, JTC.SharpLinter.Test, Version=1.0.0.0, Culture=neutral, PublicKeyToken=null" name="TestMultipleDifferentOptions" />
    </UnitTest>
    <UnitTest name="Config" storage="d:\vsprojects\sharplinter\source\sharplinter.test\bin\release\jtc.sharplinter.test.dll" id="60e71ec1-68c3-50e8-f004-f6769f3b8b15">
      <Execution id="c66e9872-db6c-4153-bc5a-5d0ccb997ee8" />
      <TestMethod codeBase="D:/VSProjects/SharpLinter/source/SharpLinter.Test/bin/Release/JTC.SharpLinter.Test.DLL" adapterTypeName="Microsoft.VisualStudio.TestTools.TestTypes.Unit.UnitTestAdapter, Microsoft.VisualStudio.QualityTools.Tips.UnitTest.Adapter, Version=10.0.0.0, Culture=neutral, PublicKeyToken=b03f5f7f11d50a3a" className="JTC.SharpLinter.Test.ConfigurationTests, JTC.SharpLinter.Test, Version=1.0.0.0, Culture=neutral, PublicKeyToken=null" name="Config" />
    </UnitTest>
    <UnitTest name="TestArgumentParsing" storage="d:\vsprojects\sharplinter\source\sharplinter.test\bin\release\jtc.sharplinter.test.dll" id="7048c88f-e27e-8226-2067-43ff78bfd264">
      <Execution id="5aeb925d-7272-4c64-a2fa-1f313043c3b8" />
      <TestMethod codeBase="D:/VSProjects/SharpLinter/source/SharpLinter.Test/bin/Release/JTC.SharpLinter.Test.DLL" adapterTypeName="Microsoft.VisualStudio.TestTools.TestTypes.Unit.UnitTestAdapter, Microsoft.VisualStudio.QualityTools.Tips.UnitTest.Adapter, Version=10.0.0.0, Culture=neutral, PublicKeyToken=b03f5f7f11d50a3a" className="JTC.SharpLinter.Test.LinterUnitTests, JTC.SharpLinter.Test, Version=1.0.0.0, Culture=neutral, PublicKeyToken=null" name="TestArgumentParsing" />
    </UnitTest>
    <UnitTest name="TestMultipleCalls" storage="d:\vsprojects\sharplinter\source\sharplinter.test\bin\release\jtc.sharplinter.test.dll" id="35feaefd-e6d6-c52e-73ac-426128d82824">
      <Execution id="07431960-e0bb-45c6-9c26-16c6083a26ac" />
      <TestMethod codeBase="D:/VSProjects/SharpLinter/source/SharpLinter.Test/bin/Release/JTC.SharpLinter.Test.DLL" adapterTypeName="Microsoft.VisualStudio.TestTools.TestTypes.Unit.UnitTestAdapter, Microsoft.VisualStudio.QualityTools.Tips.UnitTest.Adapter, Version=10.0.0.0, Culture=neutral, PublicKeyToken=b03f5f7f11d50a3a" className="JTC.SharpLinter.Test.LinterUnitTests, JTC.SharpLinter.Test, Version=1.0.0.0, Culture=neutral, PublicKeyToken=null" name="TestMultipleCalls" />
    </UnitTest>
    <UnitTest name="FilePathMatcherTest" storage="d:\vsprojects\sharplinter\source\sharplinter.test\bin\release\jtc.sharplinter.test.dll" id="0270dd9c-9d05-8f49-051a-4fceb32e6057">
      <Execution id="73fb065e-5b07-4565-9b03-8aeaa289ec17" />
      <TestMethod codeBase="D:/VSProjects/SharpLinter/source/SharpLinter.Test/bin/Release/JTC.SharpLinter.Test.DLL" adapterTypeName="Microsoft.VisualStudio.TestTools.TestTypes.Unit.UnitTestAdapter, Microsoft.VisualStudio.QualityTools.Tips.UnitTest.Adapter, Version=10.0.0.0, Culture=neutral, PublicKeyToken=b03f5f7f11d50a3a" className="JTC.SharpLinter.Test.UtilityUnitTests, JTC.SharpLinter.Test, Version=1.0.0.0, Culture=neutral, PublicKeyToken=null" name="FilePathMatcherTest" />
    </UnitTest>
  </TestDefinitions>
  <TestLists>
    <TestList name="Results Not in a List" id="8c84fa94-04c1-424b-9868-57a2d4851a1d" />
    <TestList name="All Loaded Results" id="19431567-8539-422a-85d7-44ee4e166bda" />
  </TestLists>
  <TestEntries>
    <TestEntry testId="35feaefd-e6d6-c52e-73ac-426128d82824" executionId="07431960-e0bb-45c6-9c26-16c6083a26ac" testListId="8c84fa94-04c1-424b-9868-57a2d4851a1d" />
    <TestEntry testId="311b004a-0c35-0a1a-a65a-be5fcea666e1" executionId="4e6b7920-d32d-418c-bfc2-8b8bf86ac170" testListId="8c84fa94-04c1-424b-9868-57a2d4851a1d" />
    <TestEntry testId="0270dd9c-9d05-8f49-051a-4fceb32e6057" executionId="73fb065e-5b07-4565-9b03-8aeaa289ec17" testListId="8c84fa94-04c1-424b-9868-57a2d4851a1d" />
    <TestEntry testId="60e71ec1-68c3-50e8-f004-f6769f3b8b15" executionId="c66e9872-db6c-4153-bc5a-5d0ccb997ee8" testListId="8c84fa94-04c1-424b-9868-57a2d4851a1d" />
    <TestEntry testId="2f8c5f57-2a99-e899-cc72-76f3da566696" executionId="d62cc10d-ebdc-4df0-b2d7-a0b33bf9390b" testListId="8c84fa94-04c1-424b-9868-57a2d4851a1d" />
    <TestEntry testId="7048c88f-e27e-8226-2067-43ff78bfd264" executionId="5aeb925d-7272-4c64-a2fa-1f313043c3b8" testListId="8c84fa94-04c1-424b-9868-57a2d4851a1d" />
    <TestEntry testId="bf973ccf-c97a-ddff-03cd-cc92ccc7f41c" executionId="289399dc-42c9-478f-99cf-8aba60cde624" testListId="8c84fa94-04c1-424b-9868-57a2d4851a1d" />
  </TestEntries>
  <Results>
    <UnitTestResult executionId="07431960-e0bb-45c6-9c26-16c6083a26ac" testId="35feaefd-e6d6-c52e-73ac-426128d82824" testName="TestMultipleCalls" computerName="DRLAP11001" duration="00:00:00.1021080" startTime="2011-08-18T18:30:40.0690857-04:00" endTime="2011-08-18T18:30:40.6390914-04:00" testType="13cdc9d9-ddb5-4fa4-a97d-d965ccfc6d4b" outcome="Passed" testListId="8c84fa94-04c1-424b-9868-57a2d4851a1d" relativeResultsDirectory="07431960-e0bb-45c6-9c26-16c6083a26ac">
    </UnitTestResult>
    <UnitTestResult executionId="4e6b7920-d32d-418c-bfc2-8b8bf86ac170" testId="311b004a-0c35-0a1a-a65a-be5fcea666e1" testName="ConfigFile" computerName="DRLAP11001" duration="00:00:00.0105480" startTime="2011-08-18T18:30:40.6590916-04:00" endTime="2011-08-18T18:30:40.6690917-04:00" testType="13cdc9d9-ddb5-4fa4-a97d-d965ccfc6d4b" outcome="Passed" testListId="8c84fa94-04c1-424b-9868-57a2d4851a1d" relativeResultsDirectory="4e6b7920-d32d-418c-bfc2-8b8bf86ac170">
    </UnitTestResult>
    <UnitTestResult executionId="73fb065e-5b07-4565-9b03-8aeaa289ec17" testId="0270dd9c-9d05-8f49-051a-4fceb32e6057" testName="FilePathMatcherTest" computerName="DRLAP11001" duration="00:00:00.0176622" startTime="2011-08-18T18:30:40.6790918-04:00" endTime="2011-08-18T18:30:40.6990920-04:00" testType="13cdc9d9-ddb5-4fa4-a97d-d965ccfc6d4b" outcome="Passed" testListId="8c84fa94-04c1-424b-9868-57a2d4851a1d" relativeResultsDirectory="73fb065e-5b07-4565-9b03-8aeaa289ec17">
    </UnitTestResult>
    <UnitTestResult executionId="c66e9872-db6c-4153-bc5a-5d0ccb997ee8" testId="60e71ec1-68c3-50e8-f004-f6769f3b8b15" testName="Config" computerName="DRLAP11001" duration="00:00:00.0034943" startTime="2011-08-18T18:30:40.7090921-04:00" endTime="2011-08-18T18:30:40.7090921-04:00" testType="13cdc9d9-ddb5-4fa4-a97d-d965ccfc6d4b" outcome="Passed" testListId="8c84fa94-04c1-424b-9868-57a2d4851a1d" relativeResultsDirectory="c66e9872-db6c-4153-bc5a-5d0ccb997ee8">
    </UnitTestResult>
    <UnitTestResult executionId="d62cc10d-ebdc-4df0-b2d7-a0b33bf9390b" testId="2f8c5f57-2a99-e899-cc72-76f3da566696" testName="TestArgumentParsing2" computerName="DRLAP11001" duration="00:00:00.0017287" startTime="2011-08-18T18:30:40.7190922-04:00" endTime="2011-08-18T18:30:40.7190922-04:00" testType="13cdc9d9-ddb5-4fa4-a97d-d965ccfc6d4b" outcome="Passed" testListId="8c84fa94-04c1-424b-9868-57a2d4851a1d" relativeResultsDirectory="d62cc10d-ebdc-4df0-b2d7-a0b33bf9390b">
    </UnitTestResult>
    <UnitTestResult executionId="5aeb925d-7272-4c64-a2fa-1f313043c3b8" testId="7048c88f-e27e-8226-2067-43ff78bfd264" testName="TestArgumentParsing" computerName="DRLAP11001" duration="00:00:00.0061612" startTime="2011-08-18T18:30:40.7290923-04:00" endTime="2011-08-18T18:30:40.7390924-04:00" testType="13cdc9d9-ddb5-4fa4-a97d-d965ccfc6d4b" outcome="Passed" testListId="8c84fa94-04c1-424b-9868-57a2d4851a1d" relativeResultsDirectory="5aeb925d-7272-4c64-a2fa-1f313043c3b8">
    </UnitTestResult>
    <UnitTestResult executionId="289399dc-42c9-478f-99cf-8aba60cde624" testId="bf973ccf-c97a-ddff-03cd-cc92ccc7f41c" testName="TestMultipleDifferentOptions" computerName="DRLAP11001" duration="00:00:33.2228626" startTime="2011-08-18T18:30:40.7390924-04:00" endTime="2011-08-18T18:31:13.9619550-04:00" testType="13cdc9d9-ddb5-4fa4-a97d-d965ccfc6d4b" outcome="Aborted" testListId="8c84fa94-04c1-424b-9868-57a2d4851a1d" relativeResultsDirectory="289399dc-42c9-478f-99cf-8aba60cde624">
    </UnitTestResult>
  </Results>
</TestRun>