<?xml version="1.0" encoding="UTF-8"?>
<TestRun id="bf014c9b-5ac1-4a9d-b623-23082000c556" name="jtreworgy@DRLAP11001 2011-08-16 17:36:48" runUser="DRINTL\jtreworgy" xmlns="http://microsoft.com/schemas/VisualStudio/TeamTest/2010">
  <TestSettings name="Local" id="535d67f2-abde-47ed-8632-e8236b4a7c05">
    <Description>These are default test settings for a local test run.</Description>
    <Deployment enabled="false" runDeploymentRoot="jtreworgy_DRLAP11001 2011-08-16 17_36_48">
      <DeploymentItem filename="D:\VSProjects\SharpLinter\source\SharpLinter\bin\Debug\JTC.SharpLinter.dll" />
    </Deployment>
    <Execution>
      <TestTypeSpecific />
      <AgentRule name="Execution Agents">
      </AgentRule>
    </Execution>
  </TestSettings>
  <Times creation="2011-08-16T17:36:48.9235858-04:00" queuing="2011-08-16T17:36:49.9006835-04:00" start="2011-08-16T17:36:49.9906898-04:00" finish="2011-08-16T17:37:00.7157610-04:00" />
  <ResultSummary outcome="Error">
    <Counters total="2" executed="1" error="0" failed="0" timeout="0" aborted="1" inconclusive="0" passedButRunAborted="0" notRunnable="0" notExecuted="1" disconnected="0" warning="0" passed="0" completed="0" inProgress="0" pending="0" />
    <RunInfos>
      <RunInfo computerName="DRLAP11001" outcome="Error" timestamp="2011-08-16T17:37:00.7147609-04:00">
        <Text>Test host process exited unexpectedly.</Text>
      </RunInfo>
    </RunInfos>
  </ResultSummary>
  <TestDefinitions>
    <UnitTest name="ConfigFile" storage="d:\vsprojects\sharplinter\source\sharplinter.test\bin\debug\jtc.sharplinter.test.dll" id="311b004a-0c35-0a1a-a65a-be5fcea666e1">
      <Execution id="f762e2e7-b266-4493-8c6f-2fe831608587" />
      <TestMethod codeBase="D:/VSProjects/SharpLinter/source/SharpLinter.Test/bin/Debug/JTC.SharpLinter.Test.DLL" adapterTypeName="Microsoft.VisualStudio.TestTools.TestTypes.Unit.UnitTestAdapter, Microsoft.VisualStudio.QualityTools.Tips.UnitTest.Adapter, Version=10.0.0.0, Culture=neutral, PublicKeyToken=b03f5f7f11d50a3a" className="JTC.SharpLinter.Test.ConfigurationTests, JTC.SharpLinter.Test, Version=1.0.0.0, Culture=neutral, PublicKeyToken=null" name="ConfigFile" />
    </UnitTest>
    <UnitTest name="Config" storage="d:\vsprojects\sharplinter\source\sharplinter.test\bin\debug\jtc.sharplinter.test.dll" id="60e71ec1-68c3-50e8-f004-f6769f3b8b15">
      <Execution id="cd720b1e-1541-4bda-8f94-63a71a98f8ac" />
      <TestMethod codeBase="D:/VSProjects/SharpLinter/source/SharpLinter.Test/bin/Debug/JTC.SharpLinter.Test.DLL" adapterTypeName="Microsoft.VisualStudio.TestTools.TestTypes.Unit.UnitTestAdapter, Microsoft.VisualStudio.QualityTools.Tips.UnitTest.Adapter, Version=10.0.0.0, Culture=neutral, PublicKeyToken=b03f5f7f11d50a3a" className="JTC.SharpLinter.Test.ConfigurationTests, JTC.SharpLinter.Test, Version=1.0.0.0, Culture=neutral, PublicKeyToken=null" name="Config" />
    </UnitTest>
  </TestDefinitions>
  <TestLists>
    <TestList name="Results Not in a List" id="8c84fa94-04c1-424b-9868-57a2d4851a1d" />
    <TestList name="All Loaded Results" id="19431567-8539-422a-85d7-44ee4e166bda" />
  </TestLists>
  <TestEntries>
    <TestEntry testId="311b004a-0c35-0a1a-a65a-be5fcea666e1" executionId="f762e2e7-b266-4493-8c6f-2fe831608587" testListId="8c84fa94-04c1-424b-9868-57a2d4851a1d" />
    <TestEntry testId="60e71ec1-68c3-50e8-f004-f6769f3b8b15" executionId="cd720b1e-1541-4bda-8f94-63a71a98f8ac" testListId="8c84fa94-04c1-424b-9868-57a2d4851a1d" />
  </TestEntries>
  <Results>
    <UnitTestResult executionId="f762e2e7-b266-4493-8c6f-2fe831608587" testId="311b004a-0c35-0a1a-a65a-be5fcea666e1" testName="ConfigFile" computerName="DRLAP11001" duration="00:00:10.6350703" startTime="2011-08-16T17:36:50.0806907-04:00" endTime="2011-08-16T17:37:00.7157610-04:00" testType="13cdc9d9-ddb5-4fa4-a97d-d965ccfc6d4b" outcome="Aborted" testListId="8c84fa94-04c1-424b-9868-57a2d4851a1d" relativeResultsDirectory="f762e2e7-b266-4493-8c6f-2fe831608587">
    </UnitTestResult>
    <UnitTestResult executionId="cd720b1e-1541-4bda-8f94-63a71a98f8ac" testId="60e71ec1-68c3-50e8-f004-f6769f3b8b15" testName="Config" computerName="DRLAP11001" testType="13cdc9d9-ddb5-4fa4-a97d-d965ccfc6d4b" outcome="NotExecuted" testListId="8c84fa94-04c1-424b-9868-57a2d4851a1d" relativeResultsDirectory="cd720b1e-1541-4bda-8f94-63a71a98f8ac">
    </UnitTestResult>
  </Results>
</TestRun>