<?xml version="1.0" encoding="UTF-8"?>
<TestRun id="b7bb122b-5d22-4d5b-9818-21146e3bb139" name="jtreworgy@DRLAP11001 2011-08-16 10:09:14" runUser="DRINTL\jtreworgy" xmlns="http://microsoft.com/schemas/VisualStudio/TeamTest/2010">
  <TestSettings name="Local" id="535d67f2-abde-47ed-8632-e8236b4a7c05">
    <Description>These are default test settings for a local test run.</Description>
    <Deployment enabled="false" runDeploymentRoot="jtreworgy_DRLAP11001 2011-08-16 10_09_14">
      <DeploymentItem filename="D:\VSProjects\SharpLinter\source\SharpLinter\bin\Debug\JTC.SharpLinter.dll" />
    </Deployment>
    <Execution>
      <TestTypeSpecific />
      <AgentRule name="Execution Agents">
      </AgentRule>
    </Execution>
  </TestSettings>
  <Times creation="2011-08-16T10:09:14.5133289-04:00" queuing="2011-08-16T10:09:15.2884064-04:00" start="2011-08-16T10:09:15.3364112-04:00" finish="2011-08-16T10:09:16.0654841-04:00" />
  <ResultSummary outcome="Completed">
    <Counters total="6" executed="6" passed="6" error="0" failed="0" timeout="0" aborted="0" inconclusive="0" passedButRunAborted="0" notRunnable="0" notExecuted="0" disconnected="0" warning="0" completed="0" inProgress="0" pending="0" />
  </ResultSummary>
  <TestDefinitions>
    <UnitTest name="TestArgumentParsing2" storage="d:\vsprojects\sharplinter\source\sharplinter.test\bin\debug\jtc.sharplinter.test.dll" id="2f8c5f57-2a99-e899-cc72-76f3da566696">
      <Execution id="bcbf7365-0839-41ac-a191-7d9cc48448e9" />
      <TestMethod codeBase="D:/VSProjects/SharpLinter/source/SharpLinter.Test/bin/Debug/JTC.SharpLinter.Test.DLL" adapterTypeName="Microsoft.VisualStudio.TestTools.TestTypes.Unit.UnitTestAdapter, Microsoft.VisualStudio.QualityTools.Tips.UnitTest.Adapter, Version=10.0.0.0, Culture=neutral, PublicKeyToken=b03f5f7f11d50a3a" className="JTC.SharpLinter.Test.LinterUnitTests, JTC.SharpLinter.Test, Version=1.0.0.0, Culture=neutral, PublicKeyToken=null" name="TestArgumentParsing2" />
    </UnitTest>
    <UnitTest name="TestMultipleDifferentOptions" storage="d:\vsprojects\sharplinter\source\sharplinter.test\bin\debug\jtc.sharplinter.test.dll" id="bf973ccf-c97a-ddff-03cd-cc92ccc7f41c">
      <Execution id="7c54ca3f-7a4e-42a2-bdb1-4335821d9695" />
      <TestMethod codeBase="D:/VSProjects/SharpLinter/source/SharpLinter.Test/bin/Debug/JTC.SharpLinter.Test.DLL" adapterTypeName="Microsoft.VisualStudio.TestTools.TestTypes.Unit.UnitTestAdapter, Microsoft.VisualStudio.QualityTools.Tips.UnitTest.Adapter, Version=10.0.0.0, Culture=neutral, PublicKeyToken=b03f5f7f11d50a3a" className="JTC.SharpLinter.Test.LinterUnitTests, JTC.SharpLinter.Test, Version=1.0.0.0, Culture=neutral, PublicKeyToken=null" name="TestMultipleDifferentOptions" />
    </UnitTest>
    <UnitTest name="Config" storage="d:\vsprojects\sharplinter\source\sharplinter.test\bin\debug\jtc.sharplinter.test.dll" id="60e71ec1-68c3-50e8-f004-f6769f3b8b15">
      <Execution id="e59cf91e-d964-44be-82ee-9b16016316e9" />
      <TestMethod codeBase="D:/VSProjects/SharpLinter/source/SharpLinter.Test/bin/Debug/JTC.SharpLinter.Test.DLL" adapterTypeName="Microsoft.VisualStudio.TestTools.TestTypes.Unit.UnitTestAdapter, Microsoft.VisualStudio.QualityTools.Tips.UnitTest.Adapter, Version=10.0.0.0, Culture=neutral, PublicKeyToken=b03f5f7f11d50a3a" className="JTC.SharpLinter.Test.ConfigurationTests, JTC.SharpLinter.Test, Version=1.0.0.0, Culture=neutral, PublicKeyToken=null" name="Config" />
    </UnitTest>
    <UnitTest name="TestArgumentParsing" storage="d:\vsprojects\sharplinter\source\sharplinter.test\bin\debug\jtc.sharplinter.test.dll" id="7048c88f-e27e-8226-2067-43ff78bfd264">
      <Execution id="e20da567-249b-427b-baf9-2d8eef10fcbb" />
      <TestMethod codeBase="D:/VSProjects/SharpLinter/source/SharpLinter.Test/bin/Debug/JTC.SharpLinter.Test.DLL" adapterTypeName="Microsoft.VisualStudio.TestTools.TestTypes.Unit.UnitTestAdapter, Microsoft.VisualStudio.QualityTools.Tips.UnitTest.Adapter, Version=10.0.0.0, Culture=neutral, PublicKeyToken=b03f5f7f11d50a3a" className="JTC.SharpLinter.Test.LinterUnitTests, JTC.SharpLinter.Test, Version=1.0.0.0, Culture=neutral, PublicKeyToken=null" name="TestArgumentParsing" />
    </UnitTest>
    <UnitTest name="TestMultipleCalls" storage="d:\vsprojects\sharplinter\source\sharplinter.test\bin\debug\jtc.sharplinter.test.dll" id="35feaefd-e6d6-c52e-73ac-426128d82824">
      <Execution id="6adb2ee7-bbe7-46a2-84fb-225820a47ff6" />
      <TestMethod codeBase="D:/VSProjects/SharpLinter/source/SharpLinter.Test/bin/Debug/JTC.SharpLinter.Test.DLL" adapterTypeName="Microsoft.VisualStudio.TestTools.TestTypes.Unit.UnitTestAdapter, Microsoft.VisualStudio.QualityTools.Tips.UnitTest.Adapter, Version=10.0.0.0, Culture=neutral, PublicKeyToken=b03f5f7f11d50a3a" className="JTC.SharpLinter.Test.LinterUnitTests, JTC.SharpLinter.Test, Version=1.0.0.0, Culture=neutral, PublicKeyToken=null" name="TestMultipleCalls" />
    </UnitTest>
    <UnitTest name="FilePathMatcherTest" storage="d:\vsprojects\sharplinter\source\sharplinter.test\bin\debug\jtc.sharplinter.test.dll" id="0270dd9c-9d05-8f49-051a-4fceb32e6057">
      <Execution id="4393dd1e-0325-4879-8565-31ca774ffe48" />
      <TestMethod codeBase="D:/VSProjects/SharpLinter/source/SharpLinter.Test/bin/Debug/JTC.SharpLinter.Test.DLL" adapterTypeName="Microsoft.VisualStudio.TestTools.TestTypes.Unit.UnitTestAdapter, Microsoft.VisualStudio.QualityTools.Tips.UnitTest.Adapter, Version=10.0.0.0, Culture=neutral, PublicKeyToken=b03f5f7f11d50a3a" className="JTC.SharpLinter.Test.UtilityUnitTests, JTC.SharpLinter.Test, Version=1.0.0.0, Culture=neutral, PublicKeyToken=null" name="FilePathMatcherTest" />
    </UnitTest>
  </TestDefinitions>
  <TestLists>
    <TestList name="Results Not in a List" id="8c84fa94-04c1-424b-9868-57a2d4851a1d" />
    <TestList name="All Loaded Results" id="19431567-8539-422a-85d7-44ee4e166bda" />
  </TestLists>
  <TestEntries>
    <TestEntry testId="35feaefd-e6d6-c52e-73ac-426128d82824" executionId="6adb2ee7-bbe7-46a2-84fb-225820a47ff6" testListId="8c84fa94-04c1-424b-9868-57a2d4851a1d" />
    <TestEntry testId="0270dd9c-9d05-8f49-051a-4fceb32e6057" executionId="4393dd1e-0325-4879-8565-31ca774ffe48" testListId="8c84fa94-04c1-424b-9868-57a2d4851a1d" />
    <TestEntry testId="60e71ec1-68c3-50e8-f004-f6769f3b8b15" executionId="e59cf91e-d964-44be-82ee-9b16016316e9" testListId="8c84fa94-04c1-424b-9868-57a2d4851a1d" />
    <TestEntry testId="2f8c5f57-2a99-e899-cc72-76f3da566696" executionId="bcbf7365-0839-41ac-a191-7d9cc48448e9" testListId="8c84fa94-04c1-424b-9868-57a2d4851a1d" />
    <TestEntry testId="7048c88f-e27e-8226-2067-43ff78bfd264" executionId="e20da567-249b-427b-baf9-2d8eef10fcbb" testListId="8c84fa94-04c1-424b-9868-57a2d4851a1d" />
    <TestEntry testId="bf973ccf-c97a-ddff-03cd-cc92ccc7f41c" executionId="7c54ca3f-7a4e-42a2-bdb1-4335821d9695" testListId="8c84fa94-04c1-424b-9868-57a2d4851a1d" />
  </TestEntries>
  <Results>
    <UnitTestResult executionId="6adb2ee7-bbe7-46a2-84fb-225820a47ff6" testId="35feaefd-e6d6-c52e-73ac-426128d82824" testName="TestMultipleCalls" computerName="DRLAP11001" duration="00:00:00.0936491" startTime="2011-08-16T10:09:15.3634139-04:00" endTime="2011-08-16T10:09:15.9284704-04:00" testType="13cdc9d9-ddb5-4fa4-a97d-d965ccfc6d4b" outcome="Passed" testListId="8c84fa94-04c1-424b-9868-57a2d4851a1d" relativeResultsDirectory="6adb2ee7-bbe7-46a2-84fb-225820a47ff6">
    </UnitTestResult>
    <UnitTestResult executionId="4393dd1e-0325-4879-8565-31ca774ffe48" testId="0270dd9c-9d05-8f49-051a-4fceb32e6057" testName="FilePathMatcherTest" computerName="DRLAP11001" duration="00:00:00.0084335" startTime="2011-08-16T10:09:15.9394715-04:00" endTime="2011-08-16T10:09:15.9514727-04:00" testType="13cdc9d9-ddb5-4fa4-a97d-d965ccfc6d4b" outcome="Passed" testListId="8c84fa94-04c1-424b-9868-57a2d4851a1d" relativeResultsDirectory="4393dd1e-0325-4879-8565-31ca774ffe48">
    </UnitTestResult>
    <UnitTestResult executionId="e59cf91e-d964-44be-82ee-9b16016316e9" testId="60e71ec1-68c3-50e8-f004-f6769f3b8b15" testName="Config" computerName="DRLAP11001" duration="00:00:00.0018207" startTime="2011-08-16T10:09:15.9584734-04:00" endTime="2011-08-16T10:09:15.9644740-04:00" testType="13cdc9d9-ddb5-4fa4-a97d-d965ccfc6d4b" outcome="Passed" testListId="8c84fa94-04c1-424b-9868-57a2d4851a1d" relativeResultsDirectory="e59cf91e-d964-44be-82ee-9b16016316e9">
    </UnitTestResult>
    <UnitTestResult executionId="bcbf7365-0839-41ac-a191-7d9cc48448e9" testId="2f8c5f57-2a99-e899-cc72-76f3da566696" testName="TestArgumentParsing2" computerName="DRLAP11001" duration="00:00:00.0024038" startTime="2011-08-16T10:09:15.9724748-04:00" endTime="2011-08-16T10:09:15.9784754-04:00" testType="13cdc9d9-ddb5-4fa4-a97d-d965ccfc6d4b" outcome="Passed" testListId="8c84fa94-04c1-424b-9868-57a2d4851a1d" relativeResultsDirectory="bcbf7365-0839-41ac-a191-7d9cc48448e9">
    </UnitTestResult>
    <UnitTestResult executionId="e20da567-249b-427b-baf9-2d8eef10fcbb" testId="7048c88f-e27e-8226-2067-43ff78bfd264" testName="TestArgumentParsing" computerName="DRLAP11001" duration="00:00:00.0004226" startTime="2011-08-16T10:09:15.9804756-04:00" endTime="2011-08-16T10:09:15.9844760-04:00" testType="13cdc9d9-ddb5-4fa4-a97d-d965ccfc6d4b" outcome="Passed" testListId="8c84fa94-04c1-424b-9868-57a2d4851a1d" relativeResultsDirectory="e20da567-249b-427b-baf9-2d8eef10fcbb">
    </UnitTestResult>
    <UnitTestResult executionId="7c54ca3f-7a4e-42a2-bdb1-4335821d9695" testId="bf973ccf-c97a-ddff-03cd-cc92ccc7f41c" testName="TestMultipleDifferentOptions" computerName="DRLAP11001" duration="00:00:00.0046765" startTime="2011-08-16T10:09:15.9914767-04:00" endTime="2011-08-16T10:09:16.0004776-04:00" testType="13cdc9d9-ddb5-4fa4-a97d-d965ccfc6d4b" outcome="Passed" testListId="8c84fa94-04c1-424b-9868-57a2d4851a1d" relativeResultsDirectory="7c54ca3f-7a4e-42a2-bdb1-4335821d9695">
    </UnitTestResult>
  </Results>
</TestRun>