<?xml version="1.0" encoding="UTF-8"?>
<TestRun id="e696ec68-9eda-47f8-be6e-99d341a8db43" name="jtreworgy@DRLAP11001 2011-08-17 14:40:04" runUser="DRINTL\jtreworgy" xmlns="http://microsoft.com/schemas/VisualStudio/TeamTest/2010">
  <TestSettings name="Local" id="535d67f2-abde-47ed-8632-e8236b4a7c05">
    <Description>These are default test settings for a local test run.</Description>
    <Deployment enabled="false" runDeploymentRoot="jtreworgy_DRLAP11001 2011-08-17 14_40_04">
      <DeploymentItem filename="D:\VSProjects\SharpLinter\source\SharpLinter\bin\Debug\JTC.SharpLinter.dll" />
    </Deployment>
    <Execution>
      <TestTypeSpecific />
      <AgentRule name="Execution Agents">
      </AgentRule>
    </Execution>
  </TestSettings>
  <Times creation="2011-08-17T14:40:04.8036029-04:00" queuing="2011-08-17T14:40:05.5706029-04:00" start="2011-08-17T14:40:05.6506029-04:00" finish="2011-08-17T14:40:12.1406029-04:00" />
  <ResultSummary outcome="Error">
    <Counters total="7" executed="2" passed="1" error="0" failed="0" timeout="0" aborted="1" inconclusive="0" passedButRunAborted="0" notRunnable="0" notExecuted="5" disconnected="0" warning="0" completed="0" inProgress="0" pending="0" />
    <RunInfos>
      <RunInfo computerName="DRLAP11001" outcome="Error" timestamp="2011-08-17T14:40:12.1406029-04:00">
        <Text>Test host process exited unexpectedly.</Text>
      </RunInfo>
    </RunInfos>
  </ResultSummary>
  <TestDefinitions>
    <UnitTest name="TestArgumentParsing2" storage="d:\vsprojects\sharplinter\source\sharplinter.test\bin\debug\jtc.sharplinter.test.dll" id="2f8c5f57-2a99-e899-cc72-76f3da566696">
      <Execution id="ece99bc0-d5ea-4a05-8147-d7649d62c5a1" />
      <TestMethod codeBase="D:/VSProjects/SharpLinter/source/SharpLinter.Test/bin/Debug/JTC.SharpLinter.Test.DLL" adapterTypeName="Microsoft.VisualStudio.TestTools.TestTypes.Unit.UnitTestAdapter, Microsoft.VisualStudio.QualityTools.Tips.UnitTest.Adapter, Version=10.0.0.0, Culture=neutral, PublicKeyToken=b03f5f7f11d50a3a" className="JTC.SharpLinter.Test.LinterUnitTests, JTC.SharpLinter.Test, Version=1.0.0.0, Culture=neutral, PublicKeyToken=null" name="TestArgumentParsing2" />
    </UnitTest>
    <UnitTest name="ConfigFile" storage="d:\vsprojects\sharplinter\source\sharplinter.test\bin\debug\jtc.sharplinter.test.dll" id="311b004a-0c35-0a1a-a65a-be5fcea666e1">
      <Execution id="eb2d7761-050f-49db-9d50-fd23f2349d85" />
      <TestMethod codeBase="D:/VSProjects/SharpLinter/source/SharpLinter.Test/bin/Debug/JTC.SharpLinter.Test.DLL" adapterTypeName="Microsoft.VisualStudio.TestTools.TestTypes.Unit.UnitTestAdapter, Microsoft.VisualStudio.QualityTools.Tips.UnitTest.Adapter, Version=10.0.0.0, Culture=neutral, PublicKeyToken=b03f5f7f11d50a3a" className="JTC.SharpLinter.Test.ConfigurationTests, JTC.SharpLinter.Test, Version=1.0.0.0, Culture=neutral, PublicKeyToken=null" name="ConfigFile" />
    </UnitTest>
    <UnitTest name="TestMultipleDifferentOptions" storage="d:\vsprojects\sharplinter\source\sharplinter.test\bin\debug\jtc.sharplinter.test.dll" id="bf973ccf-c97a-ddff-03cd-cc92ccc7f41c">
      <Execution id="e6773782-f70d-4103-9488-eb0424a6c1c5" />
      <TestMethod codeBase="D:/VSProjects/SharpLinter/source/SharpLinter.Test/bin/Debug/JTC.SharpLinter.Test.DLL" adapterTypeName="Microsoft.VisualStudio.TestTools.TestTypes.Unit.UnitTestAdapter, Microsoft.VisualStudio.QualityTools.Tips.UnitTest.Adapter, Version=10.0.0.0, Culture=neutral, PublicKeyToken=b03f5f7f11d50a3a" className="JTC.SharpLinter.Test.LinterUnitTests, JTC.SharpLinter.Test, Version=1.0.0.0, Culture=neutral, PublicKeyToken=null" name="TestMultipleDifferentOptions" />
    </UnitTest>
    <UnitTest name="Config" storage="d:\vsprojects\sharplinter\source\sharplinter.test\bin\debug\jtc.sharplinter.test.dll" id="60e71ec1-68c3-50e8-f004-f6769f3b8b15">
      <Execution id="7efface6-1949-4bf3-a459-886dd6ebe2a8" />
      <TestMethod codeBase="D:/VSProjects/SharpLinter/source/SharpLinter.Test/bin/Debug/JTC.SharpLinter.Test.DLL" adapterTypeName="Microsoft.VisualStudio.TestTools.TestTypes.Unit.UnitTestAdapter, Microsoft.VisualStudio.QualityTools.Tips.UnitTest.Adapter, Version=10.0.0.0, Culture=neutral, PublicKeyToken=b03f5f7f11d50a3a" className="JTC.SharpLinter.Test.ConfigurationTests, JTC.SharpLinter.Test, Version=1.0.0.0, Culture=neutral, PublicKeyToken=null" name="Config" />
    </UnitTest>
    <UnitTest name="TestArgumentParsing" storage="d:\vsprojects\sharplinter\source\sharplinter.test\bin\debug\jtc.sharplinter.test.dll" id="7048c88f-e27e-8226-2067-43ff78bfd264">
      <Execution id="9de97f58-f209-4712-84b9-9dc8accceb73" />
      <TestMethod codeBase="D:/VSProjects/SharpLinter/source/SharpLinter.Test/bin/Debug/JTC.SharpLinter.Test.DLL" adapterTypeName="Microsoft.VisualStudio.TestTools.TestTypes.Unit.UnitTestAdapter, Microsoft.VisualStudio.QualityTools.Tips.UnitTest.Adapter, Version=10.0.0.0, Culture=neutral, PublicKeyToken=b03f5f7f11d50a3a" className="JTC.SharpLinter.Test.LinterUnitTests, JTC.SharpLinter.Test, Version=1.0.0.0, Culture=neutral, PublicKeyToken=null" name="TestArgumentParsing" />
    </UnitTest>
    <UnitTest name="TestMultipleCalls" storage="d:\vsprojects\sharplinter\source\sharplinter.test\bin\debug\jtc.sharplinter.test.dll" id="35feaefd-e6d6-c52e-73ac-426128d82824">
      <Execution id="f646d227-4e53-4970-8e7a-afac3b69f566" />
      <TestMethod codeBase="D:/VSProjects/SharpLinter/source/SharpLinter.Test/bin/Debug/JTC.SharpLinter.Test.DLL" adapterTypeName="Microsoft.VisualStudio.TestTools.TestTypes.Unit.UnitTestAdapter, Microsoft.VisualStudio.QualityTools.Tips.UnitTest.Adapter, Version=10.0.0.0, Culture=neutral, PublicKeyToken=b03f5f7f11d50a3a" className="JTC.SharpLinter.Test.LinterUnitTests, JTC.SharpLinter.Test, Version=1.0.0.0, Culture=neutral, PublicKeyToken=null" name="TestMultipleCalls" />
    </UnitTest>
    <UnitTest name="FilePathMatcherTest" storage="d:\vsprojects\sharplinter\source\sharplinter.test\bin\debug\jtc.sharplinter.test.dll" id="0270dd9c-9d05-8f49-051a-4fceb32e6057">
      <Execution id="46c0765e-6718-4875-ba41-034a3b8a66b7" />
      <TestMethod codeBase="D:/VSProjects/SharpLinter/source/SharpLinter.Test/bin/Debug/JTC.SharpLinter.Test.DLL" adapterTypeName="Microsoft.VisualStudio.TestTools.TestTypes.Unit.UnitTestAdapter, Microsoft.VisualStudio.QualityTools.Tips.UnitTest.Adapter, Version=10.0.0.0, Culture=neutral, PublicKeyToken=b03f5f7f11d50a3a" className="JTC.SharpLinter.Test.UtilityUnitTests, JTC.SharpLinter.Test, Version=1.0.0.0, Culture=neutral, PublicKeyToken=null" name="FilePathMatcherTest" />
    </UnitTest>
  </TestDefinitions>
  <TestLists>
    <TestList name="Results Not in a List" id="8c84fa94-04c1-424b-9868-57a2d4851a1d" />
    <TestList name="All Loaded Results" id="19431567-8539-422a-85d7-44ee4e166bda" />
  </TestLists>
  <TestEntries>
    <TestEntry testId="35feaefd-e6d6-c52e-73ac-426128d82824" executionId="f646d227-4e53-4970-8e7a-afac3b69f566" testListId="8c84fa94-04c1-424b-9868-57a2d4851a1d" />
    <TestEntry testId="311b004a-0c35-0a1a-a65a-be5fcea666e1" executionId="eb2d7761-050f-49db-9d50-fd23f2349d85" testListId="8c84fa94-04c1-424b-9868-57a2d4851a1d" />
    <TestEntry testId="0270dd9c-9d05-8f49-051a-4fceb32e6057" executionId="46c0765e-6718-4875-ba41-034a3b8a66b7" testListId="8c84fa94-04c1-424b-9868-57a2d4851a1d" />
    <TestEntry testId="60e71ec1-68c3-50e8-f004-f6769f3b8b15" executionId="7efface6-1949-4bf3-a459-886dd6ebe2a8" testListId="8c84fa94-04c1-424b-9868-57a2d4851a1d" />
    <TestEntry testId="2f8c5f57-2a99-e899-cc72-76f3da566696" executionId="ece99bc0-d5ea-4a05-8147-d7649d62c5a1" testListId="8c84fa94-04c1-424b-9868-57a2d4851a1d" />
    <TestEntry testId="7048c88f-e27e-8226-2067-43ff78bfd264" executionId="9de97f58-f209-4712-84b9-9dc8accceb73" testListId="8c84fa94-04c1-424b-9868-57a2d4851a1d" />
    <TestEntry testId="bf973ccf-c97a-ddff-03cd-cc92ccc7f41c" executionId="e6773782-f70d-4103-9488-eb0424a6c1c5" testListId="8c84fa94-04c1-424b-9868-57a2d4851a1d" />
  </TestEntries>
  <Results>
    <UnitTestResult executionId="f646d227-4e53-4970-8e7a-afac3b69f566" testId="35feaefd-e6d6-c52e-73ac-426128d82824" testName="TestMultipleCalls" computerName="DRLAP11001" duration="00:00:00.0983316" startTime="2011-08-17T14:40:05.7306029-04:00" endTime="2011-08-17T14:40:06.2706029-04:00" testType="13cdc9d9-ddb5-4fa4-a97d-d965ccfc6d4b" outcome="Passed" testListId="8c84fa94-04c1-424b-9868-57a2d4851a1d" relativeResultsDirectory="f646d227-4e53-4970-8e7a-afac3b69f566">
    </UnitTestResult>
    <UnitTestResult executionId="eb2d7761-050f-49db-9d50-fd23f2349d85" testId="311b004a-0c35-0a1a-a65a-be5fcea666e1" testName="ConfigFile" computerName="DRLAP11001" duration="00:00:05.8600000" startTime="2011-08-17T14:40:06.2806029-04:00" endTime="2011-08-17T14:40:12.1406029-04:00" testType="13cdc9d9-ddb5-4fa4-a97d-d965ccfc6d4b" outcome="Aborted" testListId="8c84fa94-04c1-424b-9868-57a2d4851a1d" relativeResultsDirectory="eb2d7761-050f-49db-9d50-fd23f2349d85">
    </UnitTestResult>
    <UnitTestResult executionId="46c0765e-6718-4875-ba41-034a3b8a66b7" testId="0270dd9c-9d05-8f49-051a-4fceb32e6057" testName="FilePathMatcherTest" computerName="DRLAP11001" testType="13cdc9d9-ddb5-4fa4-a97d-d965ccfc6d4b" outcome="NotExecuted" testListId="8c84fa94-04c1-424b-9868-57a2d4851a1d" relativeResultsDirectory="46c0765e-6718-4875-ba41-034a3b8a66b7">
    </UnitTestResult>
    <UnitTestResult executionId="7efface6-1949-4bf3-a459-886dd6ebe2a8" testId="60e71ec1-68c3-50e8-f004-f6769f3b8b15" testName="Config" computerName="DRLAP11001" testType="13cdc9d9-ddb5-4fa4-a97d-d965ccfc6d4b" outcome="NotExecuted" testListId="8c84fa94-04c1-424b-9868-57a2d4851a1d" relativeResultsDirectory="7efface6-1949-4bf3-a459-886dd6ebe2a8">
    </UnitTestResult>
    <UnitTestResult executionId="ece99bc0-d5ea-4a05-8147-d7649d62c5a1" testId="2f8c5f57-2a99-e899-cc72-76f3da566696" testName="TestArgumentParsing2" computerName="DRLAP11001" testType="13cdc9d9-ddb5-4fa4-a97d-d965ccfc6d4b" outcome="NotExecuted" testListId="8c84fa94-04c1-424b-9868-57a2d4851a1d" relativeResultsDirectory="ece99bc0-d5ea-4a05-8147-d7649d62c5a1">
    </UnitTestResult>
    <UnitTestResult executionId="9de97f58-f209-4712-84b9-9dc8accceb73" testId="7048c88f-e27e-8226-2067-43ff78bfd264" testName="TestArgumentParsing" computerName="DRLAP11001" testType="13cdc9d9-ddb5-4fa4-a97d-d965ccfc6d4b" outcome="NotExecuted" testListId="8c84fa94-04c1-424b-9868-57a2d4851a1d" relativeResultsDirectory="9de97f58-f209-4712-84b9-9dc8accceb73">
    </UnitTestResult>
    <UnitTestResult executionId="e6773782-f70d-4103-9488-eb0424a6c1c5" testId="bf973ccf-c97a-ddff-03cd-cc92ccc7f41c" testName="TestMultipleDifferentOptions" computerName="DRLAP11001" testType="13cdc9d9-ddb5-4fa4-a97d-d965ccfc6d4b" outcome="NotExecuted" testListId="8c84fa94-04c1-424b-9868-57a2d4851a1d" relativeResultsDirectory="e6773782-f70d-4103-9488-eb0424a6c1c5">
    </UnitTestResult>
  </Results>
</TestRun>