<?xml version="1.0" encoding="UTF-8"?>
<TestRun id="2826e46f-7683-4580-8fef-981b92c72774" name="jtreworgy@DRLAP11001 2011-08-16 10:05:08" runUser="DRINTL\jtreworgy" xmlns="http://microsoft.com/schemas/VisualStudio/TeamTest/2010">
  <TestSettings name="Local" id="535d67f2-abde-47ed-8632-e8236b4a7c05">
    <Description>These are default test settings for a local test run.</Description>
    <Deployment enabled="false" runDeploymentRoot="jtreworgy_DRLAP11001 2011-08-16 10_05_08">
      <DeploymentItem filename="D:\VSProjects\SharpLinter\source\SharpLinter\bin\Debug\JTC.SharpLinter.dll" />
    </Deployment>
    <Execution>
      <TestTypeSpecific />
      <AgentRule name="Execution Agents">
      </AgentRule>
    </Execution>
  </TestSettings>
  <Times creation="2011-08-16T10:05:08.2018593-04:00" queuing="2011-08-16T10:05:09.0389430-04:00" start="2011-08-16T10:05:09.0869478-04:00" finish="2011-08-16T10:05:22.9384660-04:00" />
  <ResultSummary outcome="Error">
    <Counters total="6" executed="4" passed="3" error="0" failed="0" timeout="0" aborted="1" inconclusive="0" passedButRunAborted="0" notRunnable="0" notExecuted="2" disconnected="0" warning="0" completed="0" inProgress="0" pending="0" />
    <RunInfos>
      <RunInfo computerName="DRLAP11001" outcome="Error" timestamp="2011-08-16T10:05:22.9014623-04:00">
        <Text>Test host process exited unexpectedly.</Text>
      </RunInfo>
    </RunInfos>
  </ResultSummary>
  <TestDefinitions>
    <UnitTest name="TestArgumentParsing2" storage="d:\vsprojects\sharplinter\source\sharplinter.test\bin\debug\jtc.sharplinter.test.dll" id="2f8c5f57-2a99-e899-cc72-76f3da566696">
      <Execution id="594f16a4-8d1b-43b4-be12-56b40cea0bd2" />
      <TestMethod codeBase="D:/VSProjects/SharpLinter/source/SharpLinter.Test/bin/Debug/JTC.SharpLinter.Test.DLL" adapterTypeName="Microsoft.VisualStudio.TestTools.TestTypes.Unit.UnitTestAdapter, Microsoft.VisualStudio.QualityTools.Tips.UnitTest.Adapter, Version=10.0.0.0, Culture=neutral, PublicKeyToken=b03f5f7f11d50a3a" className="JTC.SharpLinter.Test.LinterUnitTests, JTC.SharpLinter.Test, Version=1.0.0.0, Culture=neutral, PublicKeyToken=null" name="TestArgumentParsing2" />
    </UnitTest>
    <UnitTest name="TestMultipleDifferentOptions" storage="d:\vsprojects\sharplinter\source\sharplinter.test\bin\debug\jtc.sharplinter.test.dll" id="bf973ccf-c97a-ddff-03cd-cc92ccc7f41c">
      <Execution id="5268d369-a722-471d-872f-0ee5513b7b70" />
      <TestMethod codeBase="D:/VSProjects/SharpLinter/source/SharpLinter.Test/bin/Debug/JTC.SharpLinter.Test.DLL" adapterTypeName="Microsoft.VisualStudio.TestTools.TestTypes.Unit.UnitTestAdapter, Microsoft.VisualStudio.QualityTools.Tips.UnitTest.Adapter, Version=10.0.0.0, Culture=neutral, PublicKeyToken=b03f5f7f11d50a3a" className="JTC.SharpLinter.Test.LinterUnitTests, JTC.SharpLinter.Test, Version=1.0.0.0, Culture=neutral, PublicKeyToken=null" name="TestMultipleDifferentOptions" />
    </UnitTest>
    <UnitTest name="Config" storage="d:\vsprojects\sharplinter\source\sharplinter.test\bin\debug\jtc.sharplinter.test.dll" id="60e71ec1-68c3-50e8-f004-f6769f3b8b15">
      <Execution id="b9f0986b-0799-4e31-85a3-ccd36c1aa3bc" />
      <TestMethod codeBase="D:/VSProjects/SharpLinter/source/SharpLinter.Test/bin/Debug/JTC.SharpLinter.Test.DLL" adapterTypeName="Microsoft.VisualStudio.TestTools.TestTypes.Unit.UnitTestAdapter, Microsoft.VisualStudio.QualityTools.Tips.UnitTest.Adapter, Version=10.0.0.0, Culture=neutral, PublicKeyToken=b03f5f7f11d50a3a" className="JTC.SharpLinter.Test.ConfigurationTests, JTC.SharpLinter.Test, Version=1.0.0.0, Culture=neutral, PublicKeyToken=null" name="Config" />
    </UnitTest>
    <UnitTest name="TestArgumentParsing" storage="d:\vsprojects\sharplinter\source\sharplinter.test\bin\debug\jtc.sharplinter.test.dll" id="7048c88f-e27e-8226-2067-43ff78bfd264">
      <Execution id="9304aa73-82a2-42f3-82b8-073475339083" />
      <TestMethod codeBase="D:/VSProjects/SharpLinter/source/SharpLinter.Test/bin/Debug/JTC.SharpLinter.Test.DLL" adapterTypeName="Microsoft.VisualStudio.TestTools.TestTypes.Unit.UnitTestAdapter, Microsoft.VisualStudio.QualityTools.Tips.UnitTest.Adapter, Version=10.0.0.0, Culture=neutral, PublicKeyToken=b03f5f7f11d50a3a" className="JTC.SharpLinter.Test.LinterUnitTests, JTC.SharpLinter.Test, Version=1.0.0.0, Culture=neutral, PublicKeyToken=null" name="TestArgumentParsing" />
    </UnitTest>
    <UnitTest name="TestMultipleCalls" storage="d:\vsprojects\sharplinter\source\sharplinter.test\bin\debug\jtc.sharplinter.test.dll" id="35feaefd-e6d6-c52e-73ac-426128d82824">
      <Execution id="1163100d-0c09-4376-ab48-6ba0dba0dde0" />
      <TestMethod codeBase="D:/VSProjects/SharpLinter/source/SharpLinter.Test/bin/Debug/JTC.SharpLinter.Test.DLL" adapterTypeName="Microsoft.VisualStudio.TestTools.TestTypes.Unit.UnitTestAdapter, Microsoft.VisualStudio.QualityTools.Tips.UnitTest.Adapter, Version=10.0.0.0, Culture=neutral, PublicKeyToken=b03f5f7f11d50a3a" className="JTC.SharpLinter.Test.LinterUnitTests, JTC.SharpLinter.Test, Version=1.0.0.0, Culture=neutral, PublicKeyToken=null" name="TestMultipleCalls" />
    </UnitTest>
    <UnitTest name="FilePathMatcherTest" storage="d:\vsprojects\sharplinter\source\sharplinter.test\bin\debug\jtc.sharplinter.test.dll" id="0270dd9c-9d05-8f49-051a-4fceb32e6057">
      <Execution id="0197f204-7093-4d26-a1f3-87cca754aa1e" />
      <TestMethod codeBase="D:/VSProjects/SharpLinter/source/SharpLinter.Test/bin/Debug/JTC.SharpLinter.Test.DLL" adapterTypeName="Microsoft.VisualStudio.TestTools.TestTypes.Unit.UnitTestAdapter, Microsoft.VisualStudio.QualityTools.Tips.UnitTest.Adapter, Version=10.0.0.0, Culture=neutral, PublicKeyToken=b03f5f7f11d50a3a" className="JTC.SharpLinter.Test.UtilityUnitTests, JTC.SharpLinter.Test, Version=1.0.0.0, Culture=neutral, PublicKeyToken=null" name="FilePathMatcherTest" />
    </UnitTest>
  </TestDefinitions>
  <TestLists>
    <TestList name="Results Not in a List" id="8c84fa94-04c1-424b-9868-57a2d4851a1d" />
    <TestList name="All Loaded Results" id="19431567-8539-422a-85d7-44ee4e166bda" />
  </TestLists>
  <TestEntries>
    <TestEntry testId="35feaefd-e6d6-c52e-73ac-426128d82824" executionId="1163100d-0c09-4376-ab48-6ba0dba0dde0" testListId="8c84fa94-04c1-424b-9868-57a2d4851a1d" />
    <TestEntry testId="0270dd9c-9d05-8f49-051a-4fceb32e6057" executionId="0197f204-7093-4d26-a1f3-87cca754aa1e" testListId="8c84fa94-04c1-424b-9868-57a2d4851a1d" />
    <TestEntry testId="60e71ec1-68c3-50e8-f004-f6769f3b8b15" executionId="b9f0986b-0799-4e31-85a3-ccd36c1aa3bc" testListId="8c84fa94-04c1-424b-9868-57a2d4851a1d" />
    <TestEntry testId="2f8c5f57-2a99-e899-cc72-76f3da566696" executionId="594f16a4-8d1b-43b4-be12-56b40cea0bd2" testListId="8c84fa94-04c1-424b-9868-57a2d4851a1d" />
    <TestEntry testId="7048c88f-e27e-8226-2067-43ff78bfd264" executionId="9304aa73-82a2-42f3-82b8-073475339083" testListId="8c84fa94-04c1-424b-9868-57a2d4851a1d" />
    <TestEntry testId="bf973ccf-c97a-ddff-03cd-cc92ccc7f41c" executionId="5268d369-a722-471d-872f-0ee5513b7b70" testListId="8c84fa94-04c1-424b-9868-57a2d4851a1d" />
  </TestEntries>
  <Results>
    <UnitTestResult executionId="1163100d-0c09-4376-ab48-6ba0dba0dde0" testId="35feaefd-e6d6-c52e-73ac-426128d82824" testName="TestMultipleCalls" computerName="DRLAP11001" duration="00:00:00.0955310" startTime="2011-08-16T10:05:09.1149506-04:00" endTime="2011-08-16T10:05:09.6690060-04:00" testType="13cdc9d9-ddb5-4fa4-a97d-d965ccfc6d4b" outcome="Passed" testListId="8c84fa94-04c1-424b-9868-57a2d4851a1d" relativeResultsDirectory="1163100d-0c09-4376-ab48-6ba0dba0dde0">
    </UnitTestResult>
    <UnitTestResult executionId="0197f204-7093-4d26-a1f3-87cca754aa1e" testId="0270dd9c-9d05-8f49-051a-4fceb32e6057" testName="FilePathMatcherTest" computerName="DRLAP11001" duration="00:00:00.0081879" startTime="2011-08-16T10:05:09.6840075-04:00" endTime="2011-08-16T10:05:09.6970088-04:00" testType="13cdc9d9-ddb5-4fa4-a97d-d965ccfc6d4b" outcome="Passed" testListId="8c84fa94-04c1-424b-9868-57a2d4851a1d" relativeResultsDirectory="0197f204-7093-4d26-a1f3-87cca754aa1e">
    </UnitTestResult>
    <UnitTestResult executionId="b9f0986b-0799-4e31-85a3-ccd36c1aa3bc" testId="60e71ec1-68c3-50e8-f004-f6769f3b8b15" testName="Config" computerName="DRLAP11001" duration="00:00:00.0020621" startTime="2011-08-16T10:05:09.7040095-04:00" endTime="2011-08-16T10:05:09.7100101-04:00" testType="13cdc9d9-ddb5-4fa4-a97d-d965ccfc6d4b" outcome="Passed" testListId="8c84fa94-04c1-424b-9868-57a2d4851a1d" relativeResultsDirectory="b9f0986b-0799-4e31-85a3-ccd36c1aa3bc">
    </UnitTestResult>
    <UnitTestResult executionId="594f16a4-8d1b-43b4-be12-56b40cea0bd2" testId="2f8c5f57-2a99-e899-cc72-76f3da566696" testName="TestArgumentParsing2" computerName="DRLAP11001" duration="00:00:13.2234554" startTime="2011-08-16T10:05:09.7150106-04:00" endTime="2011-08-16T10:05:22.9384660-04:00" testType="13cdc9d9-ddb5-4fa4-a97d-d965ccfc6d4b" outcome="Aborted" testListId="8c84fa94-04c1-424b-9868-57a2d4851a1d" relativeResultsDirectory="594f16a4-8d1b-43b4-be12-56b40cea0bd2">
    </UnitTestResult>
    <UnitTestResult executionId="9304aa73-82a2-42f3-82b8-073475339083" testId="7048c88f-e27e-8226-2067-43ff78bfd264" testName="TestArgumentParsing" computerName="DRLAP11001" testType="13cdc9d9-ddb5-4fa4-a97d-d965ccfc6d4b" outcome="NotExecuted" testListId="8c84fa94-04c1-424b-9868-57a2d4851a1d" relativeResultsDirectory="9304aa73-82a2-42f3-82b8-073475339083">
    </UnitTestResult>
    <UnitTestResult executionId="5268d369-a722-471d-872f-0ee5513b7b70" testId="bf973ccf-c97a-ddff-03cd-cc92ccc7f41c" testName="TestMultipleDifferentOptions" computerName="DRLAP11001" testType="13cdc9d9-ddb5-4fa4-a97d-d965ccfc6d4b" outcome="NotExecuted" testListId="8c84fa94-04c1-424b-9868-57a2d4851a1d" relativeResultsDirectory="5268d369-a722-471d-872f-0ee5513b7b70">
    </UnitTestResult>
  </Results>
</TestRun>