<?xml version="1.0" encoding="UTF-8"?>
<TestRun id="23584ba6-6266-42b3-874e-907750eff7c8" name="jtreworgy@DRLAP11001 2011-08-18 18:21:18" runUser="DRINTL\jtreworgy" xmlns="http://microsoft.com/schemas/VisualStudio/TeamTest/2010">
  <TestSettings name="Local" id="535d67f2-abde-47ed-8632-e8236b4a7c05">
    <Description>These are default test settings for a local test run.</Description>
    <Deployment enabled="false" runDeploymentRoot="jtreworgy_DRLAP11001 2011-08-18 18_21_18">
      <DeploymentItem filename="D:\VSProjects\SharpLinter\source\SharpLinter\bin\Release\JTC.SharpLinter.dll" />
    </Deployment>
    <Execution>
      <TestTypeSpecific />
      <AgentRule name="Execution Agents">
      </AgentRule>
    </Execution>
  </TestSettings>
  <Times creation="2011-08-18T18:21:18.2193468-04:00" queuing="2011-08-18T18:21:19.0232219-04:00" start="2011-08-18T18:21:19.1182314-04:00" finish="2011-08-18T18:21:40.2715489-04:00" />
  <ResultSummary outcome="Error">
    <Counters total="7" executed="1" error="0" failed="0" timeout="0" aborted="1" inconclusive="0" passedButRunAborted="0" notRunnable="0" notExecuted="6" disconnected="0" warning="0" passed="0" completed="0" inProgress="0" pending="0" />
    <RunInfos>
      <RunInfo computerName="DRLAP11001" outcome="Error" timestamp="2011-08-18T18:21:40.2515487-04:00">
        <Text>Test host process exited unexpectedly.</Text>
      </RunInfo>
    </RunInfos>
  </ResultSummary>
  <TestDefinitions>
    <UnitTest name="TestArgumentParsing2" storage="d:\vsprojects\sharplinter\source\sharplinter.test\bin\release\jtc.sharplinter.test.dll" id="2f8c5f57-2a99-e899-cc72-76f3da566696">
      <Execution id="1371bb9b-19e2-499d-8e74-2549dae09143" />
      <TestMethod codeBase="D:/VSProjects/SharpLinter/source/SharpLinter.Test/bin/Release/JTC.SharpLinter.Test.DLL" adapterTypeName="Microsoft.VisualStudio.TestTools.TestTypes.Unit.UnitTestAdapter, Microsoft.VisualStudio.QualityTools.Tips.UnitTest.Adapter, Version=10.0.0.0, Culture=neutral, PublicKeyToken=b03f5f7f11d50a3a" className="JTC.SharpLinter.Test.LinterUnitTests, JTC.SharpLinter.Test, Version=1.0.0.0, Culture=neutral, PublicKeyToken=null" name="TestArgumentParsing2" />
    </UnitTest>
    <UnitTest name="ConfigFile" storage="d:\vsprojects\sharplinter\source\sharplinter.test\bin\release\jtc.sharplinter.test.dll" id="311b004a-0c35-0a1a-a65a-be5fcea666e1">
      <Execution id="0710aafd-4b98-43e7-b1b3-9f7a4bc96889" />
      <TestMethod codeBase="D:/VSProjects/SharpLinter/source/SharpLinter.Test/bin/Release/JTC.SharpLinter.Test.DLL" adapterTypeName="Microsoft.VisualStudio.TestTools.TestTypes.Unit.UnitTestAdapter, Microsoft.VisualStudio.QualityTools.Tips.UnitTest.Adapter, Version=10.0.0.0, Culture=neutral, PublicKeyToken=b03f5f7f11d50a3a" className="JTC.SharpLinter.Test.ConfigurationTests, JTC.SharpLinter.Test, Version=1.0.0.0, Culture=neutral, PublicKeyToken=null" name="ConfigFile" />
    </UnitTest>
    <UnitTest name="TestMultipleDifferentOptions" storage="d:\vsprojects\sharplinter\source\sharplinter.test\bin\release\jtc.sharplinter.test.dll" id="bf973ccf-c97a-ddff-03cd-cc92ccc7f41c">
      <Execution id="8643e065-7eb1-46df-bb39-737cf4343dbc" />
      <TestMethod codeBase="D:/VSProjects/SharpLinter/source/SharpLinter.Test/bin/Release/JTC.SharpLinter.Test.DLL" adapterTypeName="Microsoft.VisualStudio.TestTools.TestTypes.Unit.UnitTestAdapter, Microsoft.VisualStudio.QualityTools.Tips.UnitTest.Adapter, Version=10.0.0.0, Culture=neutral, PublicKeyToken=b03f5f7f11d50a3a" className="JTC.SharpLinter.Test.LinterUnitTests, JTC.SharpLinter.Test, Version=1.0.0.0, Culture=neutral, PublicKeyToken=null" name="TestMultipleDifferentOptions" />
    </UnitTest>
    <UnitTest name="Config" storage="d:\vsprojects\sharplinter\source\sharplinter.test\bin\release\jtc.sharplinter.test.dll" id="60e71ec1-68c3-50e8-f004-f6769f3b8b15">
      <Execution id="45dd1199-0713-46ed-b6b8-0ec63285ee0d" />
      <TestMethod codeBase="D:/VSProjects/SharpLinter/source/SharpLinter.Test/bin/Release/JTC.SharpLinter.Test.DLL" adapterTypeName="Microsoft.VisualStudio.TestTools.TestTypes.Unit.UnitTestAdapter, Microsoft.VisualStudio.QualityTools.Tips.UnitTest.Adapter, Version=10.0.0.0, Culture=neutral, PublicKeyToken=b03f5f7f11d50a3a" className="JTC.SharpLinter.Test.ConfigurationTests, JTC.SharpLinter.Test, Version=1.0.0.0, Culture=neutral, PublicKeyToken=null" name="Config" />
    </UnitTest>
    <UnitTest name="TestArgumentParsing" storage="d:\vsprojects\sharplinter\source\sharplinter.test\bin\release\jtc.sharplinter.test.dll" id="7048c88f-e27e-8226-2067-43ff78bfd264">
      <Execution id="2dcf2fef-bf5c-451a-a24c-424885d2d336" />
      <TestMethod codeBase="D:/VSProjects/SharpLinter/source/SharpLinter.Test/bin/Release/JTC.SharpLinter.Test.DLL" adapterTypeName="Microsoft.VisualStudio.TestTools.TestTypes.Unit.UnitTestAdapter, Microsoft.VisualStudio.QualityTools.Tips.UnitTest.Adapter, Version=10.0.0.0, Culture=neutral, PublicKeyToken=b03f5f7f11d50a3a" className="JTC.SharpLinter.Test.LinterUnitTests, JTC.SharpLinter.Test, Version=1.0.0.0, Culture=neutral, PublicKeyToken=null" name="TestArgumentParsing" />
    </UnitTest>
    <UnitTest name="TestMultipleCalls" storage="d:\vsprojects\sharplinter\source\sharplinter.test\bin\release\jtc.sharplinter.test.dll" id="35feaefd-e6d6-c52e-73ac-426128d82824">
      <Execution id="80c9de7f-5e59-4aca-97c1-90e4bfc1fc0f" />
      <TestMethod codeBase="D:/VSProjects/SharpLinter/source/SharpLinter.Test/bin/Release/JTC.SharpLinter.Test.DLL" adapterTypeName="Microsoft.VisualStudio.TestTools.TestTypes.Unit.UnitTestAdapter, Microsoft.VisualStudio.QualityTools.Tips.UnitTest.Adapter, Version=10.0.0.0, Culture=neutral, PublicKeyToken=b03f5f7f11d50a3a" className="JTC.SharpLinter.Test.LinterUnitTests, JTC.SharpLinter.Test, Version=1.0.0.0, Culture=neutral, PublicKeyToken=null" name="TestMultipleCalls" />
    </UnitTest>
    <UnitTest name="FilePathMatcherTest" storage="d:\vsprojects\sharplinter\source\sharplinter.test\bin\release\jtc.sharplinter.test.dll" id="0270dd9c-9d05-8f49-051a-4fceb32e6057">
      <Execution id="77136b74-31f7-4504-b236-420618f217f2" />
      <TestMethod codeBase="D:/VSProjects/SharpLinter/source/SharpLinter.Test/bin/Release/JTC.SharpLinter.Test.DLL" adapterTypeName="Microsoft.VisualStudio.TestTools.TestTypes.Unit.UnitTestAdapter, Microsoft.VisualStudio.QualityTools.Tips.UnitTest.Adapter, Version=10.0.0.0, Culture=neutral, PublicKeyToken=b03f5f7f11d50a3a" className="JTC.SharpLinter.Test.UtilityUnitTests, JTC.SharpLinter.Test, Version=1.0.0.0, Culture=neutral, PublicKeyToken=null" name="FilePathMatcherTest" />
    </UnitTest>
  </TestDefinitions>
  <TestLists>
    <TestList name="Results Not in a List" id="8c84fa94-04c1-424b-9868-57a2d4851a1d" />
    <TestList name="All Loaded Results" id="19431567-8539-422a-85d7-44ee4e166bda" />
  </TestLists>
  <TestEntries>
    <TestEntry testId="35feaefd-e6d6-c52e-73ac-426128d82824" executionId="80c9de7f-5e59-4aca-97c1-90e4bfc1fc0f" testListId="8c84fa94-04c1-424b-9868-57a2d4851a1d" />
    <TestEntry testId="311b004a-0c35-0a1a-a65a-be5fcea666e1" executionId="0710aafd-4b98-43e7-b1b3-9f7a4bc96889" testListId="8c84fa94-04c1-424b-9868-57a2d4851a1d" />
    <TestEntry testId="0270dd9c-9d05-8f49-051a-4fceb32e6057" executionId="77136b74-31f7-4504-b236-420618f217f2" testListId="8c84fa94-04c1-424b-9868-57a2d4851a1d" />
    <TestEntry testId="60e71ec1-68c3-50e8-f004-f6769f3b8b15" executionId="45dd1199-0713-46ed-b6b8-0ec63285ee0d" testListId="8c84fa94-04c1-424b-9868-57a2d4851a1d" />
    <TestEntry testId="2f8c5f57-2a99-e899-cc72-76f3da566696" executionId="1371bb9b-19e2-499d-8e74-2549dae09143" testListId="8c84fa94-04c1-424b-9868-57a2d4851a1d" />
    <TestEntry testId="7048c88f-e27e-8226-2067-43ff78bfd264" executionId="2dcf2fef-bf5c-451a-a24c-424885d2d336" testListId="8c84fa94-04c1-424b-9868-57a2d4851a1d" />
    <TestEntry testId="bf973ccf-c97a-ddff-03cd-cc92ccc7f41c" executionId="8643e065-7eb1-46df-bb39-737cf4343dbc" testListId="8c84fa94-04c1-424b-9868-57a2d4851a1d" />
  </TestEntries>
  <Results>
    <UnitTestResult executionId="80c9de7f-5e59-4aca-97c1-90e4bfc1fc0f" testId="35feaefd-e6d6-c52e-73ac-426128d82824" testName="TestMultipleCalls" computerName="DRLAP11001" duration="00:00:21.0463068" startTime="2011-08-18T18:21:19.2252421-04:00" endTime="2011-08-18T18:21:40.2715489-04:00" testType="13cdc9d9-ddb5-4fa4-a97d-d965ccfc6d4b" outcome="Aborted" testListId="8c84fa94-04c1-424b-9868-57a2d4851a1d" relativeResultsDirectory="80c9de7f-5e59-4aca-97c1-90e4bfc1fc0f">
    </UnitTestResult>
    <UnitTestResult executionId="0710aafd-4b98-43e7-b1b3-9f7a4bc96889" testId="311b004a-0c35-0a1a-a65a-be5fcea666e1" testName="ConfigFile" computerName="DRLAP11001" testType="13cdc9d9-ddb5-4fa4-a97d-d965ccfc6d4b" outcome="NotExecuted" testListId="8c84fa94-04c1-424b-9868-57a2d4851a1d" relativeResultsDirectory="0710aafd-4b98-43e7-b1b3-9f7a4bc96889">
    </UnitTestResult>
    <UnitTestResult executionId="77136b74-31f7-4504-b236-420618f217f2" testId="0270dd9c-9d05-8f49-051a-4fceb32e6057" testName="FilePathMatcherTest" computerName="DRLAP11001" testType="13cdc9d9-ddb5-4fa4-a97d-d965ccfc6d4b" outcome="NotExecuted" testListId="8c84fa94-04c1-424b-9868-57a2d4851a1d" relativeResultsDirectory="77136b74-31f7-4504-b236-420618f217f2">
    </UnitTestResult>
    <UnitTestResult executionId="45dd1199-0713-46ed-b6b8-0ec63285ee0d" testId="60e71ec1-68c3-50e8-f004-f6769f3b8b15" testName="Config" computerName="DRLAP11001" testType="13cdc9d9-ddb5-4fa4-a97d-d965ccfc6d4b" outcome="NotExecuted" testListId="8c84fa94-04c1-424b-9868-57a2d4851a1d" relativeResultsDirectory="45dd1199-0713-46ed-b6b8-0ec63285ee0d">
    </UnitTestResult>
    <UnitTestResult executionId="1371bb9b-19e2-499d-8e74-2549dae09143" testId="2f8c5f57-2a99-e899-cc72-76f3da566696" testName="TestArgumentParsing2" computerName="DRLAP11001" testType="13cdc9d9-ddb5-4fa4-a97d-d965ccfc6d4b" outcome="NotExecuted" testListId="8c84fa94-04c1-424b-9868-57a2d4851a1d" relativeResultsDirectory="1371bb9b-19e2-499d-8e74-2549dae09143">
    </UnitTestResult>
    <UnitTestResult executionId="2dcf2fef-bf5c-451a-a24c-424885d2d336" testId="7048c88f-e27e-8226-2067-43ff78bfd264" testName="TestArgumentParsing" computerName="DRLAP11001" testType="13cdc9d9-ddb5-4fa4-a97d-d965ccfc6d4b" outcome="NotExecuted" testListId="8c84fa94-04c1-424b-9868-57a2d4851a1d" relativeResultsDirectory="2dcf2fef-bf5c-451a-a24c-424885d2d336">
    </UnitTestResult>
    <UnitTestResult executionId="8643e065-7eb1-46df-bb39-737cf4343dbc" testId="bf973ccf-c97a-ddff-03cd-cc92ccc7f41c" testName="TestMultipleDifferentOptions" computerName="DRLAP11001" testType="13cdc9d9-ddb5-4fa4-a97d-d965ccfc6d4b" outcome="NotExecuted" testListId="8c84fa94-04c1-424b-9868-57a2d4851a1d" relativeResultsDirectory="8643e065-7eb1-46df-bb39-737cf4343dbc">
    </UnitTestResult>
  </Results>
</TestRun>