<?xml version="1.0" encoding="UTF-8"?>
<TestRun id="bb944fb7-146a-47e3-a2da-0b6b9c0df46f" name="jtreworgy@DRLAP11001 2011-08-16 17:53:47" runUser="DRINTL\jtreworgy" xmlns="http://microsoft.com/schemas/VisualStudio/TeamTest/2010">
  <TestSettings name="Local" id="535d67f2-abde-47ed-8632-e8236b4a7c05">
    <Description>These are default test settings for a local test run.</Description>
    <Deployment enabled="false" runDeploymentRoot="jtreworgy_DRLAP11001 2011-08-16 17_53_47">
      <DeploymentItem filename="D:\VSProjects\SharpLinter\source\SharpLinter\bin\Debug\JTC.SharpLinter.dll" />
    </Deployment>
    <Execution>
      <TestTypeSpecific />
      <AgentRule name="Execution Agents">
      </AgentRule>
    </Execution>
  </TestSettings>
  <Times creation="2011-08-16T17:53:47.0268721-04:00" queuing="2011-08-16T17:53:47.8609555-04:00" start="2011-08-16T17:53:47.9139608-04:00" finish="2011-08-16T17:54:06.1277820-04:00" />
  <ResultSummary outcome="Failed">
    <Counters total="2" executed="2" passed="1" error="0" failed="1" timeout="0" aborted="0" inconclusive="0" passedButRunAborted="0" notRunnable="0" notExecuted="0" disconnected="0" warning="0" completed="0" inProgress="0" pending="0" />
  </ResultSummary>
  <TestDefinitions>
    <UnitTest name="ConfigFile" storage="d:\vsprojects\sharplinter\source\sharplinter.test\bin\debug\jtc.sharplinter.test.dll" id="311b004a-0c35-0a1a-a65a-be5fcea666e1">
      <Execution id="820b805f-7b5c-4da4-aed1-bca02f5eb84e" />
      <TestMethod codeBase="D:/VSProjects/SharpLinter/source/SharpLinter.Test/bin/Debug/JTC.SharpLinter.Test.DLL" adapterTypeName="Microsoft.VisualStudio.TestTools.TestTypes.Unit.UnitTestAdapter, Microsoft.VisualStudio.QualityTools.Tips.UnitTest.Adapter, Version=10.0.0.0, Culture=neutral, PublicKeyToken=b03f5f7f11d50a3a" className="JTC.SharpLinter.Test.ConfigurationTests, JTC.SharpLinter.Test, Version=1.0.0.0, Culture=neutral, PublicKeyToken=null" name="ConfigFile" />
    </UnitTest>
    <UnitTest name="Config" storage="d:\vsprojects\sharplinter\source\sharplinter.test\bin\debug\jtc.sharplinter.test.dll" id="60e71ec1-68c3-50e8-f004-f6769f3b8b15">
      <Execution id="90069b75-9a6f-48ec-943d-18d728a722c2" />
      <TestMethod codeBase="D:/VSProjects/SharpLinter/source/SharpLinter.Test/bin/Debug/JTC.SharpLinter.Test.DLL" adapterTypeName="Microsoft.VisualStudio.TestTools.TestTypes.Unit.UnitTestAdapter, Microsoft.VisualStudio.QualityTools.Tips.UnitTest.Adapter, Version=10.0.0.0, Culture=neutral, PublicKeyToken=b03f5f7f11d50a3a" className="JTC.SharpLinter.Test.ConfigurationTests, JTC.SharpLinter.Test, Version=1.0.0.0, Culture=neutral, PublicKeyToken=null" name="Config" />
    </UnitTest>
  </TestDefinitions>
  <TestLists>
    <TestList name="Results Not in a List" id="8c84fa94-04c1-424b-9868-57a2d4851a1d" />
    <TestList name="All Loaded Results" id="19431567-8539-422a-85d7-44ee4e166bda" />
  </TestLists>
  <TestEntries>
    <TestEntry testId="311b004a-0c35-0a1a-a65a-be5fcea666e1" executionId="820b805f-7b5c-4da4-aed1-bca02f5eb84e" testListId="8c84fa94-04c1-424b-9868-57a2d4851a1d" />
    <TestEntry testId="60e71ec1-68c3-50e8-f004-f6769f3b8b15" executionId="90069b75-9a6f-48ec-943d-18d728a722c2" testListId="8c84fa94-04c1-424b-9868-57a2d4851a1d" />
  </TestEntries>
  <Results>
    <UnitTestResult executionId="820b805f-7b5c-4da4-aed1-bca02f5eb84e" testId="311b004a-0c35-0a1a-a65a-be5fcea666e1" testName="ConfigFile" computerName="DRLAP11001" duration="00:00:00.0182898" startTime="2011-08-16T17:53:47.9419636-04:00" endTime="2011-08-16T17:53:48.4360130-04:00" testType="13cdc9d9-ddb5-4fa4-a97d-d965ccfc6d4b" outcome="Passed" testListId="8c84fa94-04c1-424b-9868-57a2d4851a1d" relativeResultsDirectory="820b805f-7b5c-4da4-aed1-bca02f5eb84e">
    </UnitTestResult>
    <UnitTestResult executionId="90069b75-9a6f-48ec-943d-18d728a722c2" testId="60e71ec1-68c3-50e8-f004-f6769f3b8b15" testName="Config" computerName="DRLAP11001" duration="00:00:17.4132453" startTime="2011-08-16T17:53:48.4620156-04:00" endTime="2011-08-16T17:54:06.0847777-04:00" testType="13cdc9d9-ddb5-4fa4-a97d-d965ccfc6d4b" outcome="Failed" testListId="8c84fa94-04c1-424b-9868-57a2d4851a1d" relativeResultsDirectory="90069b75-9a6f-48ec-943d-18d728a722c2">
      <Output>
        <ErrorInfo>
          <Message>Assert.AreEqual failed. Expected:&lt;unused: true, evil: true, maxerr: 50,  immed: true&gt;. Actual:&lt;unused: true, evil: true, maxerr: 50, immed: true&gt;. Basic option setting worked.</Message>
          <StackTrace>   at JTC.SharpLinter.Test.ConfigurationTests.Config() in D:\VSProjects\SharpLinter\source\SharpLinter.Test\ConfigurationTests.cs:line 36
</StackTrace>
        </ErrorInfo>
      </Output>
    </UnitTestResult>
  </Results>
</TestRun>